<?xml version="1.0" encoding="UTF-8"?>
<!-- Generated by org.testng.reporters.JUnitXMLReporter -->
<testsuite ignored="0" hostname="Max-PC" failures="0" tests="3" name="Default test" time="0.433" errors="0" timestamp="2021-10-25T17:41:18 EET">
  <testcase classname="rutkouski.shape.reader.LineFileReaderTest" name="readFileLinesCorrectTest" time="0.029"/>
  <testcase classname="rutkouski.shape.reader.LineFileReaderTest" name="readFileLinesFileNotExistsTest" time="0.002"/>
  <testcase classname="rutkouski.shape.reader.LineFileReaderTest" name="readFileLinesNullPointerTest" time="0.002"/>
</testsuite> <!-- Default test -->
